<?xml version="1.0" encoding="UTF-8"?>
<!-- Generated by org.testng.reporters.JUnitXMLReporter -->
<testsuite ignored="0" hostname="DESKTOP-O8HP0HC" failures="0" tests="7" name="Default test" time="59.662" errors="0" timestamp="2024-10-17T16:43:59 IST">
  <testcase classname="testCases.CampaignsTest" name="cmapaignPageNavigationTest" time="3.378"/>
  <testcase classname="testCases.CampaignsTest" name="createCampaignTest" time="3.372"/>
  <testcase classname="testCases.CampaignsTest" name="createCampaignTest_fromcreateanothercampaignbutton" time="6.35"/>
  <testcase classname="testCases.CampaignsTest" name="campaignGrid" time="7.412"/>
  <testcase classname="testCases.CampaignsTest" name="editCampaign" time="3.157"/>
  <testcase classname="testCases.CampaignsTest" name="editedcampaignongrid" time="5.482"/>
  <testcase classname="testCases.CampaignsTest" name="deletegroupongrid" time="3.056"/>
</testsuite> <!-- Default test -->
