<?xml version="1.0" encoding="UTF-8"?>
<!-- Generated by org.testng.reporters.JUnitXMLReporter -->
<testsuite ignored="0" hostname="DESKTOP-S61P0GA" failures="0" tests="5" name="Default test" time="54.576" errors="0" timestamp="2024-08-09T13:05:56 IST">
  <testcase classname="testCases.GroupsAndUsersTest" name="groupsAndUserPageNavigationTest" time="2.605"/>
  <testcase classname="testCases.GroupsAndUsersTest" name="groupsAndUserHeaderTest" time="1.636"/>
  <testcase classname="testCases.GroupsAndUsersTest" name="createGroupTest" time="5.539"/>
  <testcase classname="testCases.GroupsAndUsersTest" name="groupgrid" time="6.059"/>
  <testcase classname="testCases.GroupsAndUsersTest" name="editGroup" time="1.356"/>
</testsuite> <!-- Default test -->
