<?xml version="1.0" encoding="UTF-8"?>
<!-- Generated by org.testng.reporters.JUnitXMLReporter -->
<testsuite ignored="1" hostname="DESKTOP-S61P0GA" failures="1" tests="7" name="Test" time="75.566" errors="0" timestamp="2024-08-28T12:25:17 IST">
  <testcase classname="testCases.GroupsAndUsersTest" name="groupsAndUserPageNavigationTest" time="2.724"/>
  <testcase classname="testCases.GroupsAndUsersTest" name="groupsAndUserHeaderTest" time="1.902"/>
  <testcase classname="testCases.GroupsAndUsersTest" name="createGroupTest" time="6.951"/>
  <testcase classname="testCases.GroupsAndUsersTest" name="groupgrid" time="7.224"/>
  <testcase classname="testCases.GroupsAndUsersTest" name="editGroup" time="4.655"/>
  <testcase classname="testCases.GroupsAndUsersTest" name="editedgroupongrid" time="8.978">
    <failure type="java.lang.AssertionError" message="expected [UpdateAutoGroup_0724660530] but found [UpdateAutoGroup_0724...]">
      <![CDATA[java.lang.AssertionError: expected [UpdateAutoGroup_0724660530] but found [UpdateAutoGroup_0724...]
at testCases.GroupsAndUsersTest.editedgroupongrid(GroupsAndUsersTest.java:114)
at java.base/java.util.ArrayList.forEach(ArrayList.java:1597)
... Removed 31 stack frames]]>
    </failure>
  </testcase> <!-- editedgroupongrid -->
  <testcase classname="testCases.GroupsAndUsersTest" name="deletegroupongrid" time="3.037"/>
  <testcase classname="testCases.GroupsAndUsersTest" name="createUserTest" time="0.0">
    <ignored/>
  </testcase> <!-- createUserTest -->
</testsuite> <!-- Test -->
