<?xml version="1.0" encoding="UTF-8"?>
<!-- Generated by org.testng.reporters.JUnitXMLReporter -->
<testsuite ignored="0" hostname="DESKTOP-S61P0GA" failures="0" tests="16" name="Test" time="138.384" errors="0" timestamp="2024-10-10T13:19:16 IST">
  <testcase classname="testCases.loginPageTest" name="logintextpresence" time="1.429"/>
  <testcase classname="testCases.loginPageTest" name="validloginTest" time="2.504"/>
  <testcase classname="testCases.GroupsAndUsersTest" name="groupsAndUserPageNavigationTest" time="3.665"/>
  <testcase classname="testCases.GroupsAndUsersTest" name="groupsAndUserHeaderTest" time="0.081"/>
  <testcase classname="testCases.GroupsAndUsersTest" name="createGroupTest" time="5.387"/>
  <testcase classname="testCases.GroupsAndUsersTest" name="groupgrid" time="5.934"/>
  <testcase classname="testCases.GroupsAndUsersTest" name="editGroup" time="4.524"/>
  <testcase classname="testCases.GroupsAndUsersTest" name="editedgroupongrid" time="6.023"/>
  <testcase classname="testCases.GroupsAndUsersTest" name="deletegroupongrid" time="2.255"/>
  <testcase classname="testCases.GroupsAndUsersTest" name="createUserTest" time="3.354"/>
  <testcase classname="testCases.GroupsAndUsersTest" name="Usergrid" time="6.591"/>
  <testcase classname="testCases.GroupsAndUsersTest" name="edituser" time="4.803"/>
  <testcase classname="testCases.GroupsAndUsersTest" name="editUsergrid" time="6.267"/>
  <testcase classname="testCases.GroupsAndUsersTest" name="deleteuserongrid" time="1.467"/>
  <testcase classname="testCases.CampaignsTest" name="cmapaignPageNavigationTest" time="3.541"/>
  <testcase classname="testCases.CampaignsTest" name="createCampaignTest" time="0.018"/>
</testsuite> <!-- Test -->
