<?xml version="1.0" encoding="UTF-8"?>
<testng-results ignored="0" total="5" passed="5" failed="0" skipped="0">
  <reporter-output>
  </reporter-output>
  <suite started-at="2024-07-29T13:06:08 IST" name="Default suite" finished-at="2024-07-29T13:06:41 IST" duration-ms="32993">
    <groups>
    </groups>
    <test started-at="2024-07-29T13:06:08 IST" name="Default test" finished-at="2024-07-29T13:06:41 IST" duration-ms="32993">
      <class name="testCases.GroupsAndUsersTest">
        <test-method is-config="true" signature="setup()[pri:0, instance:testCases.GroupsAndUsersTest@4fbda97b]" started-at="2024-07-29T13:06:08 IST" name="setup" finished-at="2024-07-29T13:06:23 IST" duration-ms="15653" status="PASS">
          <reporter-output>
          </reporter-output>
        </test-method> <!-- setup -->
        <test-method is-config="true" signature="groupAndUserSetup()[pri:0, instance:testCases.GroupsAndUsersTest@4fbda97b]" started-at="2024-07-29T13:06:23 IST" name="groupAndUserSetup" finished-at="2024-07-29T13:06:25 IST" duration-ms="1911" status="PASS">
          <reporter-output>
          </reporter-output>
        </test-method> <!-- groupAndUserSetup -->
        <test-method signature="groupsAndUserPageNavigationTest()[pri:1, instance:testCases.GroupsAndUsersTest@4fbda97b]" started-at="2024-07-29T13:06:25 IST" name="groupsAndUserPageNavigationTest" finished-at="2024-07-29T13:06:27 IST" duration-ms="2040" status="PASS">
          <reporter-output>
          </reporter-output>
        </test-method> <!-- groupsAndUserPageNavigationTest -->
        <test-method signature="groupsAndUserHeaderTest()[pri:2, instance:testCases.GroupsAndUsersTest@4fbda97b]" started-at="2024-07-29T13:06:28 IST" name="groupsAndUserHeaderTest" finished-at="2024-07-29T13:06:28 IST" duration-ms="884" status="PASS">
          <reporter-output>
          </reporter-output>
        </test-method> <!-- groupsAndUserHeaderTest -->
        <test-method signature="createGroupTest(java.lang.String,java.lang.String)[pri:3, instance:testCases.GroupsAndUsersTest@4fbda97b]" started-at="2024-07-29T13:06:30 IST" name="createGroupTest" data-provider="groupAndUserData" finished-at="2024-07-29T13:06:34 IST" duration-ms="4282" status="PASS">
          <params>
            <param index="0">
              <value>
                <![CDATA[Convirza-Live]]>
              </value>
            </param>
            <param index="1">
              <value>
                <![CDATA[Advertising: Digital]]>
              </value>
            </param>
          </params>
          <reporter-output>
          </reporter-output>
        </test-method> <!-- createGroupTest -->
        <test-method signature="groupgrid()[pri:4, instance:testCases.GroupsAndUsersTest@4fbda97b]" started-at="2024-07-29T13:06:34 IST" name="groupgrid" finished-at="2024-07-29T13:06:40 IST" duration-ms="6055" status="PASS">
          <reporter-output>
          </reporter-output>
        </test-method> <!-- groupgrid -->
        <test-method signature="editGroup()[pri:5, instance:testCases.GroupsAndUsersTest@4fbda97b]" started-at="2024-07-29T13:06:40 IST" name="editGroup" finished-at="2024-07-29T13:06:41 IST" duration-ms="313" status="PASS">
          <reporter-output>
          </reporter-output>
        </test-method> <!-- editGroup -->
      </class> <!-- testCases.GroupsAndUsersTest -->
    </test> <!-- Default test -->
  </suite> <!-- Default suite -->
</testng-results>
