<?xml version="1.0" encoding="UTF-8"?>
<testng-results ignored="0" total="7" passed="7" failed="0" skipped="0">
  <reporter-output>
  </reporter-output>
  <suite started-at="2024-10-17T16:43:00 IST" name="Default suite" finished-at="2024-10-17T16:43:59 IST" duration-ms="59662">
    <groups>
    </groups>
    <test started-at="2024-10-17T16:43:00 IST" name="Default test" finished-at="2024-10-17T16:43:59 IST" duration-ms="59662">
      <class name="testCases.CampaignsTest">
        <test-method is-config="true" signature="setup()[pri:0, instance:testCases.CampaignsTest@4fbdc0f0]" started-at="2024-10-17T16:43:00 IST" name="setup" finished-at="2024-10-17T16:43:24 IST" duration-ms="24351" status="PASS">
          <reporter-output>
          </reporter-output>
        </test-method> <!-- setup -->
        <test-method is-config="true" signature="groupAndUserSetup()[pri:0, instance:testCases.CampaignsTest@4fbdc0f0]" started-at="2024-10-17T16:43:24 IST" name="groupAndUserSetup" finished-at="2024-10-17T16:43:25 IST" duration-ms="1490" status="PASS">
          <reporter-output>
          </reporter-output>
        </test-method> <!-- groupAndUserSetup -->
        <test-method signature="cmapaignPageNavigationTest()[pri:1, instance:testCases.CampaignsTest@4fbdc0f0]" started-at="2024-10-17T16:43:26 IST" name="cmapaignPageNavigationTest" finished-at="2024-10-17T16:43:29 IST" duration-ms="3378" status="PASS">
          <reporter-output>
          </reporter-output>
        </test-method> <!-- cmapaignPageNavigationTest -->
        <test-method signature="createCampaignTest()[pri:2, instance:testCases.CampaignsTest@4fbdc0f0]" started-at="2024-10-17T16:43:29 IST" name="createCampaignTest" finished-at="2024-10-17T16:43:32 IST" duration-ms="3372" status="PASS">
          <reporter-output>
          </reporter-output>
        </test-method> <!-- createCampaignTest -->
        <test-method signature="createCampaignTest_fromcreateanothercampaignbutton(java.lang.String)[pri:3, instance:testCases.CampaignsTest@4fbdc0f0]" started-at="2024-10-17T16:43:34 IST" name="createCampaignTest_fromcreateanothercampaignbutton" data-provider="CampaignsData" finished-at="2024-10-17T16:43:40 IST" duration-ms="6350" status="PASS">
          <params>
            <param index="0">
              <value>
                <![CDATA[abhone@convirza.com]]>
              </value>
            </param>
          </params>
          <reporter-output>
          </reporter-output>
        </test-method> <!-- createCampaignTest_fromcreateanothercampaignbutton -->
        <test-method signature="campaignGrid()[pri:4, instance:testCases.CampaignsTest@4fbdc0f0]" started-at="2024-10-17T16:43:40 IST" name="campaignGrid" finished-at="2024-10-17T16:43:48 IST" duration-ms="7412" status="PASS">
          <reporter-output>
          </reporter-output>
        </test-method> <!-- campaignGrid -->
        <test-method signature="editCampaign()[pri:5, instance:testCases.CampaignsTest@4fbdc0f0]" started-at="2024-10-17T16:43:48 IST" name="editCampaign" finished-at="2024-10-17T16:43:51 IST" duration-ms="3157" status="PASS">
          <reporter-output>
          </reporter-output>
        </test-method> <!-- editCampaign -->
        <test-method signature="editedcampaignongrid()[pri:6, instance:testCases.CampaignsTest@4fbdc0f0]" started-at="2024-10-17T16:43:51 IST" name="editedcampaignongrid" finished-at="2024-10-17T16:43:56 IST" duration-ms="5482" status="PASS">
          <reporter-output>
          </reporter-output>
        </test-method> <!-- editedcampaignongrid -->
        <test-method signature="deletegroupongrid()[pri:7, instance:testCases.CampaignsTest@4fbdc0f0]" started-at="2024-10-17T16:43:56 IST" name="deletegroupongrid" finished-at="2024-10-17T16:43:59 IST" duration-ms="3056" status="PASS">
          <reporter-output>
          </reporter-output>
        </test-method> <!-- deletegroupongrid -->
        <test-method is-config="true" signature="teardown()[pri:0, instance:testCases.CampaignsTest@4fbdc0f0]" started-at="2024-10-17T16:43:59 IST" name="teardown" finished-at="2024-10-17T16:43:59 IST" duration-ms="3" status="PASS">
          <reporter-output>
          </reporter-output>
        </test-method> <!-- teardown -->
      </class> <!-- testCases.CampaignsTest -->
    </test> <!-- Default test -->
  </suite> <!-- Default suite -->
</testng-results>
